# JRE version: OpenJDK Runtime Environment Microsoft-12574423 (17.0.17+10) (build 17.0.17+10-LTS)
# Java VM: OpenJDK 64-Bit Server VM Microsoft-12574423 (17.0.17+10-LTS, mixed mode, sharing, tiered, compressed oops, compressed class ptrs, g1 gc, windows-amd64)
GC Precious Log:
 CPUs: 8 total, 8 available
 Memory: 16161M
 Large Page Support: Disabled
 NUMA Support: Disabled
 Compressed Oops: Enabled (Zero based)
 Heap Region Size: 2M
 Heap Min Capacity: 8M
 Heap Initial Capacity: 254M
 Heap Max Capacity: 4042M
 Pre-touch: Disabled
 Parallel Workers: 8
 Concurrent Workers: 2
 Concurrent Refinement Workers: 8
 Periodic GC: Disabled
Heap:
 garbage-first heap   total 55296K, used 23744K [0x0000000703600000, 0x0000000800000000)
  region size 2048K, 5 young (10240K), 1 survivors (2048K)
 Metaspace       used 30006K, committed 30464K, reserved 1114112K
  class space    used 3989K, committed 4224K, reserved 1048576K
GC Heap History (12 events):
Event: 2.064 GC heap before
{Heap before GC invocations=0 (full 0):
 garbage-first heap   total 260096K, used 20480K [0x0000000703600000, 0x0000000800000000)
  region size 2048K, 11 young (22528K), 0 survivors (0K)
 Metaspace       used 5214K, committed 5376K, reserved 1114112K
  class space    used 590K, committed 704K, reserved 1048576K
}
Event: 2.072 GC heap after
{Heap after GC invocations=1 (full 0):
 garbage-first heap   total 260096K, used 7605K [0x0000000703600000, 0x0000000800000000)
  region size 2048K, 2 young (4096K), 2 survivors (4096K)
 Metaspace       used 5214K, committed 5376K, reserved 1114112K
  class space    used 590K, committed 704K, reserved 1048576K
}
Event: 3.757 GC heap before
{Heap before GC invocations=1 (full 0):
 garbage-first heap   total 260096K, used 32181K [0x0000000703600000, 0x0000000800000000)
  region size 2048K, 14 young (28672K), 2 survivors (4096K)
 Metaspace       used 11652K, committed 11968K, reserved 1114112K
  class space    used 1499K, committed 1664K, reserved 1048576K
}
Event: 3.767 GC heap after
{Heap after GC invocations=2 (full 0):
 garbage-first heap   total 260096K, used 9973K [0x0000000703600000, 0x0000000800000000)
  region size 2048K, 2 young (4096K), 2 survivors (4096K)
 Metaspace       used 11652K, committed 11968K, reserved 1114112K
  class space    used 1499K, committed 1664K, reserved 1048576K
}
Event: 8.288 GC heap before
{Heap before GC invocations=2 (full 0):
 garbage-first heap   total 260096K, used 52981K [0x0000000703600000, 0x0000000800000000)
  region size 2048K, 25 young (51200K), 2 survivors (4096K)
 Metaspace       used 21157K, committed 21504K, reserved 1114112K
  class space    used 2730K, committed 2880K, reserved 1048576K
}
Event: 8.294 GC heap after
{Heap after GC invocations=3 (full 0):
 garbage-first heap   total 260096K, used 13589K [0x0000000703600000, 0x0000000800000000)
  region size 2048K, 3 young (6144K), 3 survivors (6144K)
 Metaspace       used 21157K, committed 21504K, reserved 1114112K
  class space    used 2730K, committed 2880K, reserved 1048576K
}
Event: 9.349 GC heap before
{Heap before GC invocations=4 (full 0):
 garbage-first heap   total 55296K, used 40213K [0x0000000703600000, 0x0000000800000000)
  region size 2048K, 16 young (32768K), 3 survivors (6144K)
 Metaspace       used 24908K, committed 25344K, reserved 1114112K
  class space    used 3243K, committed 3456K, reserved 1048576K
}
Event: 9.361 GC heap after
{Heap after GC invocations=5 (full 0):
 garbage-first heap   total 55296K, used 16059K [0x0000000703600000, 0x0000000800000000)
  region size 2048K, 2 young (4096K), 2 survivors (4096K)
 Metaspace       used 24908K, committed 25344K, reserved 1114112K
  class space    used 3243K, committed 3456K, reserved 1048576K
}
Event: 9.493 GC heap before
{Heap before GC invocations=5 (full 0):
 garbage-first heap   total 55296K, used 18107K [0x0000000703600000, 0x0000000800000000)
  region size 2048K, 3 young (6144K), 2 survivors (4096K)
 Metaspace       used 25134K, committed 25536K, reserved 1114112K
  class space    used 3275K, committed 3456K, reserved 1048576K
}
Event: 9.500 GC heap after
{Heap after GC invocations=6 (full 0):
 garbage-first heap   total 55296K, used 16174K [0x0000000703600000, 0x0000000800000000)
  region size 2048K, 1 young (2048K), 1 survivors (2048K)
 Metaspace       used 25134K, committed 25536K, reserved 1114112K
  class space    used 3275K, committed 3456K, reserved 1048576K
}
Event: 10.419 GC heap before
{Heap before GC invocations=6 (full 0):
 garbage-first heap   total 55296K, used 34606K [0x0000000703600000, 0x0000000800000000)
  region size 2048K, 10 young (20480K), 1 survivors (2048K)
 Metaspace       used 28824K, committed 29248K, reserved 1114112K
  class space    used 3784K, committed 3968K, reserved 1048576K
}
Event: 10.427 GC heap after
{Heap after GC invocations=7 (full 0):
 garbage-first heap   total 55296K, used 17600K [0x0000000703600000, 0x0000000800000000)
  region size 2048K, 1 young (2048K), 1 survivors (2048K)
 Metaspace       used 28824K, committed 29248K, reserved 1114112K
  class space    used 3784K, committed 3968K, reserved 1048576K
}

