# JRE version: OpenJDK Runtime Environment Microsoft-13877171 (21.0.11+10) (build 21.0.11+10-LTS)
# Java VM: OpenJDK 64-Bit Server VM Microsoft-13877171 (21.0.11+10-LTS, mixed mode, sharing, tiered, compressed oops, compressed class ptrs, g1 gc, windows-amd64)
GC Precious Log:
 CardTable entry size: 512
 Card Set container configuration: InlinePtr #cards 4 size 8 Array Of Cards #cards 16 size 48 Howl #buckets 8 coarsen threshold 3686 Howl Bitmap #cards 512 size 80 coarsen threshold 460 Card regions per heap region 1 cards per card region 4096
 CPUs: 8 total, 8 available
 Memory: 16161M
 Large Page Support: Disabled
 NUMA Support: Disabled
 Compressed Oops: Enabled (Zero based)
 Heap Region Size: 2M
 Heap Min Capacity: 8M
 Heap Initial Capacity: 254M
 Heap Max Capacity: 4042M
 Pre-touch: Disabled
 Parallel Workers: 8
 Concurrent Workers: 2
 Concurrent Refinement Workers: 8
 Periodic GC: Disabled
Heap:
 garbage-first heap   total 186368K, used 108919K [0x0000000703600000, 0x0000000800000000)
  region size 2048K, 28 young (57344K), 2 survivors (4096K)
 Metaspace       used 83606K, committed 84352K, reserved 1179648K
  class space    used 11769K, committed 12096K, reserved 1048576K
GC Heap History (20 events):
Event: 7.255 GC heap before
{Heap before GC invocations=10 (full 0):
 garbage-first heap   total 55296K, used 46523K [0x0000000703600000, 0x0000000800000000)
  region size 2048K, 13 young (26624K), 2 survivors (4096K)
 Metaspace       used 47466K, committed 48128K, reserved 1114112K
  class space    used 6502K, committed 6784K, reserved 1048576K
}
Event: 7.263 GC heap after
{Heap after GC invocations=11 (full 0):
 garbage-first heap   total 55296K, used 25646K [0x0000000703600000, 0x0000000800000000)
  region size 2048K, 2 young (4096K), 2 survivors (4096K)
 Metaspace       used 47466K, committed 48128K, reserved 1114112K
  class space    used 6502K, committed 6784K, reserved 1048576K
}
Event: 7.947 GC heap before
{Heap before GC invocations=11 (full 0):
 garbage-first heap   total 55296K, used 44078K [0x0000000703600000, 0x0000000800000000)
  region size 2048K, 12 young (24576K), 2 survivors (4096K)
 Metaspace       used 52547K, committed 53184K, reserved 1114112K
  class space    used 7104K, committed 7360K, reserved 1048576K
}
Event: 7.955 GC heap after
{Heap after GC invocations=12 (full 0):
 garbage-first heap   total 55296K, used 27006K [0x0000000703600000, 0x0000000800000000)
  region size 2048K, 2 young (4096K), 2 survivors (4096K)
 Metaspace       used 52547K, committed 53184K, reserved 1114112K
  class space    used 7104K, committed 7360K, reserved 1048576K
}
Event: 8.337 GC heap before
{Heap before GC invocations=12 (full 0):
 garbage-first heap   total 55296K, used 47486K [0x0000000703600000, 0x0000000800000000)
  region size 2048K, 12 young (24576K), 2 survivors (4096K)
 Metaspace       used 57061K, committed 57664K, reserved 1114112K
  class space    used 7652K, committed 7936K, reserved 1048576K
}
Event: 8.343 GC heap after
{Heap after GC invocations=13 (full 0):
 garbage-first heap   total 157696K, used 28123K [0x0000000703600000, 0x0000000800000000)
  region size 2048K, 2 young (4096K), 2 survivors (4096K)
 Metaspace       used 57061K, committed 57664K, reserved 1114112K
  class space    used 7652K, committed 7936K, reserved 1048576K
}
Event: 8.540 GC heap before
{Heap before GC invocations=13 (full 0):
 garbage-first heap   total 157696K, used 34267K [0x0000000703600000, 0x0000000800000000)
  region size 2048K, 7 young (14336K), 2 survivors (4096K)
 Metaspace       used 60192K, committed 60736K, reserved 1114112K
  class space    used 8018K, committed 8256K, reserved 1048576K
}
Event: 8.545 GC heap after
{Heap after GC invocations=14 (full 0):
 garbage-first heap   total 157696K, used 28170K [0x0000000703600000, 0x0000000800000000)
  region size 2048K, 2 young (4096K), 2 survivors (4096K)
 Metaspace       used 60192K, committed 60736K, reserved 1114112K
  class space    used 8018K, committed 8256K, reserved 1048576K
}
Event: 10.098 GC heap before
{Heap before GC invocations=15 (full 0):
 garbage-first heap   total 102400K, used 83466K [0x0000000703600000, 0x0000000800000000)
  region size 2048K, 30 young (61440K), 2 survivors (4096K)
 Metaspace       used 72485K, committed 73280K, reserved 1114112K
  class space    used 9961K, committed 10304K, reserved 1048576K
}
Event: 10.108 GC heap after
{Heap after GC invocations=16 (full 0):
 garbage-first heap   total 102400K, used 31103K [0x0000000703600000, 0x0000000800000000)
  region size 2048K, 3 young (6144K), 3 survivors (6144K)
 Metaspace       used 72485K, committed 73280K, reserved 1114112K
  class space    used 9961K, committed 10304K, reserved 1048576K
}
Event: 11.154 GC heap before
{Heap before GC invocations=16 (full 0):
 garbage-first heap   total 102400K, used 86399K [0x0000000703600000, 0x0000000800000000)
  region size 2048K, 30 young (61440K), 3 survivors (6144K)
 Metaspace       used 78825K, committed 79552K, reserved 1179648K
  class space    used 10887K, committed 11200K, reserved 1048576K
}
Event: 11.164 GC heap after
{Heap after GC invocations=17 (full 0):
 garbage-first heap   total 102400K, used 34873K [0x0000000703600000, 0x0000000800000000)
  region size 2048K, 4 young (8192K), 4 survivors (8192K)
 Metaspace       used 78825K, committed 79552K, reserved 1179648K
  class space    used 10887K, committed 11200K, reserved 1048576K
}
Event: 11.415 GC heap before
{Heap before GC invocations=17 (full 0):
 garbage-first heap   total 102400K, used 88121K [0x0000000703600000, 0x0000000800000000)
  region size 2048K, 30 young (61440K), 4 survivors (8192K)
 Metaspace       used 78856K, committed 79616K, reserved 1179648K
  class space    used 10889K, committed 11200K, reserved 1048576K
}
Event: 11.428 GC heap after
{Heap after GC invocations=18 (full 0):
 garbage-first heap   total 106496K, used 43879K [0x0000000703600000, 0x0000000800000000)
  region size 2048K, 4 young (8192K), 4 survivors (8192K)
 Metaspace       used 78856K, committed 79616K, reserved 1179648K
  class space    used 10889K, committed 11200K, reserved 1048576K
}
Event: 11.581 GC heap before
{Heap before GC invocations=18 (full 0):
 garbage-first heap   total 106496K, used 88935K [0x0000000703600000, 0x0000000800000000)
  region size 2048K, 26 young (53248K), 4 survivors (8192K)
 Metaspace       used 78864K, committed 79616K, reserved 1179648K
  class space    used 10889K, committed 11200K, reserved 1048576K
}
Event: 11.595 GC heap after
{Heap after GC invocations=19 (full 0):
 garbage-first heap   total 108544K, used 53866K [0x0000000703600000, 0x0000000800000000)
  region size 2048K, 4 young (8192K), 4 survivors (8192K)
 Metaspace       used 78864K, committed 79616K, reserved 1179648K
  class space    used 10889K, committed 11200K, reserved 1048576K
}
Event: 11.689 GC heap before
{Heap before GC invocations=19 (full 0):
 garbage-first heap   total 108544K, used 88682K [0x0000000703600000, 0x0000000800000000)
  region size 2048K, 21 young (43008K), 4 survivors (8192K)
 Metaspace       used 78877K, committed 79616K, reserved 1179648K
  class space    used 10889K, committed 11200K, reserved 1048576K
}
Event: 11.701 GC heap after
{Heap after GC invocations=20 (full 0):
 garbage-first heap   total 108544K, used 60589K [0x0000000703600000, 0x0000000800000000)
  region size 2048K, 3 young (6144K), 3 survivors (6144K)
 Metaspace       used 78877K, committed 79616K, reserved 1179648K
  class space    used 10889K, committed 11200K, reserved 1048576K
}
Event: 11.962 GC heap before
{Heap before GC invocations=20 (full 0):
 garbage-first heap   total 108544K, used 91309K [0x0000000703600000, 0x0000000800000000)
  region size 2048K, 18 young (36864K), 3 survivors (6144K)
 Metaspace       used 80925K, committed 81664K, reserved 1179648K
  class space    used 11322K, committed 11648K, reserved 1048576K
}
Event: 11.968 GC heap after
{Heap after GC invocations=21 (full 0):
 garbage-first heap   total 186368K, used 59767K [0x0000000703600000, 0x0000000800000000)
  region size 2048K, 2 young (4096K), 2 survivors (4096K)
 Metaspace       used 80925K, committed 81664K, reserved 1179648K
  class space    used 11322K, committed 11648K, reserved 1048576K
}

